# JRE version: OpenJDK Runtime Environment Temurin-17.0.7+7 (17.0.7+7) (build 17.0.7+7)
# Java VM: OpenJDK 64-Bit Server VM Temurin-17.0.7+7 (17.0.7+7, mixed mode, tiered, compressed oops, compressed class ptrs, g1 gc, windows-amd64)
GC Precious Log:
 CPUs: 12 total, 12 available
 Memory: 5978M
 Large Page Support: Disabled
 NUMA Support: Disabled
 Compressed Oops: Enabled (32-bit)
 Heap Region Size: 1M
 Heap Min Capacity: 8M
 Heap Initial Capacity: 94M
 Heap Max Capacity: 1496M
 Pre-touch: Disabled
 Parallel Workers: 10
 Concurrent Workers: 3
 Concurrent Refinement Workers: 10
 Periodic GC: Disabled
Heap:
 garbage-first heap   total 120832K, used 73481K [0x00000000a2800000, 0x0000000100000000)
  region size 1024K, 36 young (36864K), 4 survivors (4096K)
 Metaspace       used 38195K, committed 38464K, reserved 1114112K
  class space    used 4330K, committed 4480K, reserved 1048576K
GC Heap History (16 events):
Event: 1.902 GC heap before
{Heap before GC invocations=0 (full 0):
 garbage-first heap   total 96256K, used 24576K [0x00000000a2800000, 0x0000000100000000)
  region size 1024K, 23 young (23552K), 0 survivors (0K)
 Metaspace       used 14399K, committed 14592K, reserved 1114112K
  class space    used 1397K, committed 1472K, reserved 1048576K
}
Event: 1.910 GC heap after
{Heap after GC invocations=1 (full 0):
 garbage-first heap   total 96256K, used 8025K [0x00000000a2800000, 0x0000000100000000)
  region size 1024K, 3 young (3072K), 3 survivors (3072K)
 Metaspace       used 14399K, committed 14592K, reserved 1114112K
  class space    used 1397K, committed 1472K, reserved 1048576K
}
Event: 2.556 GC heap before
{Heap before GC invocations=1 (full 0):
 garbage-first heap   total 96256K, used 31577K [0x00000000a2800000, 0x0000000100000000)
  region size 1024K, 26 young (26624K), 3 survivors (3072K)
 Metaspace       used 20182K, committed 20480K, reserved 1114112K
  class space    used 2020K, committed 2176K, reserved 1048576K
}
Event: 2.564 GC heap after
{Heap after GC invocations=2 (full 0):
 garbage-first heap   total 96256K, used 11814K [0x00000000a2800000, 0x0000000100000000)
  region size 1024K, 4 young (4096K), 4 survivors (4096K)
 Metaspace       used 20182K, committed 20480K, reserved 1114112K
  class space    used 2020K, committed 2176K, reserved 1048576K
}
Event: 2.695 GC heap before
{Heap before GC invocations=2 (full 0):
 garbage-first heap   total 96256K, used 17958K [0x00000000a2800000, 0x0000000100000000)
  region size 1024K, 11 young (11264K), 4 survivors (4096K)
 Metaspace       used 21203K, committed 21504K, reserved 1114112K
  class space    used 2134K, committed 2304K, reserved 1048576K
}
Event: 2.700 GC heap after
{Heap after GC invocations=3 (full 0):
 garbage-first heap   total 96256K, used 12625K [0x00000000a2800000, 0x0000000100000000)
  region size 1024K, 1 young (1024K), 1 survivors (1024K)
 Metaspace       used 21203K, committed 21504K, reserved 1114112K
  class space    used 2134K, committed 2304K, reserved 1048576K
}
Event: 6.825 GC heap before
{Heap before GC invocations=4 (full 0):
 garbage-first heap   total 48128K, used 39249K [0x00000000a2800000, 0x0000000100000000)
  region size 1024K, 19 young (19456K), 1 survivors (1024K)
 Metaspace       used 26489K, committed 26752K, reserved 1114112K
  class space    used 2768K, committed 2880K, reserved 1048576K
}
Event: 6.836 GC heap after
{Heap after GC invocations=5 (full 0):
 garbage-first heap   total 52224K, used 22905K [0x00000000a2800000, 0x0000000100000000)
  region size 1024K, 6 young (6144K), 6 survivors (6144K)
 Metaspace       used 26489K, committed 26752K, reserved 1114112K
  class space    used 2768K, committed 2880K, reserved 1048576K
}
Event: 6.842 GC heap before
{Heap before GC invocations=5 (full 0):
 garbage-first heap   total 52224K, used 23929K [0x00000000a2800000, 0x0000000100000000)
  region size 1024K, 7 young (7168K), 6 survivors (6144K)
 Metaspace       used 26490K, committed 26752K, reserved 1114112K
  class space    used 2768K, committed 2880K, reserved 1048576K
}
Event: 6.850 GC heap after
{Heap after GC invocations=6 (full 0):
 garbage-first heap   total 52224K, used 24388K [0x00000000a2800000, 0x0000000100000000)
  region size 1024K, 1 young (1024K), 1 survivors (1024K)
 Metaspace       used 26490K, committed 26752K, reserved 1114112K
  class space    used 2768K, committed 2880K, reserved 1048576K
}
Event: 6.892 GC heap before
{Heap before GC invocations=6 (full 0):
 garbage-first heap   total 52224K, used 31556K [0x00000000a2800000, 0x0000000100000000)
  region size 1024K, 9 young (9216K), 1 survivors (1024K)
 Metaspace       used 26490K, committed 26752K, reserved 1114112K
  class space    used 2768K, committed 2880K, reserved 1048576K
}
Event: 6.900 GC heap after
{Heap after GC invocations=7 (full 0):
 garbage-first heap   total 52224K, used 31232K [0x00000000a2800000, 0x0000000100000000)
  region size 1024K, 2 young (2048K), 2 survivors (2048K)
 Metaspace       used 26490K, committed 26752K, reserved 1114112K
  class space    used 2768K, committed 2880K, reserved 1048576K
}
Event: 6.969 GC heap before
{Heap before GC invocations=8 (full 0):
 garbage-first heap   total 56320K, used 35328K [0x00000000a2800000, 0x0000000100000000)
  region size 1024K, 6 young (6144K), 2 survivors (2048K)
 Metaspace       used 26554K, committed 26816K, reserved 1114112K
  class space    used 2768K, committed 2880K, reserved 1048576K
}
Event: 6.973 GC heap after
{Heap after GC invocations=9 (full 0):
 garbage-first heap   total 120832K, used 33792K [0x00000000a2800000, 0x0000000100000000)
  region size 1024K, 1 young (1024K), 1 survivors (1024K)
 Metaspace       used 26554K, committed 26816K, reserved 1114112K
  class space    used 2768K, committed 2880K, reserved 1048576K
}
Event: 11.010 GC heap before
{Heap before GC invocations=9 (full 0):
 garbage-first heap   total 120832K, used 62464K [0x00000000a2800000, 0x0000000100000000)
  region size 1024K, 29 young (29696K), 1 survivors (1024K)
 Metaspace       used 31429K, committed 31616K, reserved 1114112K
  class space    used 3378K, committed 3456K, reserved 1048576K
}
Event: 11.015 GC heap after
{Heap after GC invocations=10 (full 0):
 garbage-first heap   total 120832K, used 36617K [0x00000000a2800000, 0x0000000100000000)
  region size 1024K, 4 young (4096K), 4 survivors (4096K)
 Metaspace       used 31429K, committed 31616K, reserved 1114112K
  class space    used 3378K, committed 3456K, reserved 1048576K
}

