<?xml version="1.0" encoding="UTF-8"?>
<testng-results ignored="0" total="1" passed="1" failed="0" skipped="0">
  <reporter-output>
  </reporter-output>
  <suite started-at="2023-12-18T21:57:24 EST" name="Default suite" finished-at="2023-12-18T21:57:37 EST" duration-ms="12870">
    <groups>
    </groups>
    <test started-at="2023-12-18T21:57:24 EST" name="Default test" finished-at="2023-12-18T21:57:37 EST" duration-ms="12870">
      <class name="com.coding.execution.practice.TestExecutionWithTestNG">
        <test-method is-config="true" signature="getSetUp()[pri:0, instance:com.coding.execution.practice.TestExecutionWithTestNG@710c2b53]" started-at="2023-12-18T21:57:24 EST" name="getSetUp" finished-at="2023-12-18T21:57:35 EST" duration-ms="10515" status="PASS">
          <reporter-output>
          </reporter-output>
        </test-method> <!-- getSetUp -->
        <test-method signature="getTest()[pri:0, instance:com.coding.execution.practice.TestExecutionWithTestNG@710c2b53]" started-at="2023-12-18T21:57:35 EST" name="getTest" finished-at="2023-12-18T21:57:37 EST" duration-ms="2286" status="PASS">
          <reporter-output>
          </reporter-output>
        </test-method> <!-- getTest -->
      </class> <!-- com.coding.execution.practice.TestExecutionWithTestNG -->
    </test> <!-- Default test -->
  </suite> <!-- Default suite -->
</testng-results>
